<?xml version="1.0" encoding="UTF-8"?>
<!-- Generated by org.testng.reporters.JUnitReportReporter -->
<testsuite skipped="0" hostname="Oleksandrs-MacBook-Pro.local" name="com.prestashop.tests.NegativeScenarios" tests="4" failures="0" timestamp="20 Jun 2018 19:59:12 GMT" time="29.958" errors="0">
  <testcase name="invalidEmail" time="6.331" classname="com.prestashop.tests.NegativeScenarios"/>
  <testcase name="blankEmail" time="8.538" classname="com.prestashop.tests.NegativeScenarios"/>
  <testcase name="wrongCredentials" time="7.588" classname="com.prestashop.tests.NegativeScenarios"/>
  <testcase name="blankPassword" time="7.501" classname="com.prestashop.tests.NegativeScenarios"/>
</testsuite> <!-- com.prestashop.tests.NegativeScenarios -->
