<?xml version="1.0" encoding="UTF-8"?>
<!-- Generated by org.testng.reporters.JUnitReportReporter -->
<testsuite skipped="0" hostname="Oleksandrs-MacBook-Pro.local" name="com.prestashop.tests.PositiveScenarios" tests="1" failures="0" timestamp="20 Jun 2018 20:52:44 GMT" time="15.852" errors="0">
  <testcase name="loginTest" time="15.852" classname="com.prestashop.tests.PositiveScenarios"/>
</testsuite> <!-- com.prestashop.tests.PositiveScenarios -->
